<?xml version="1.0" encoding="UTF-8"?>
<!-- Generated by org.testng.reporters.JUnitXMLReporter -->
<testsuite ignored="0" hostname="LAPTOP-88TEQJFC" failures="1" tests="2" name="ErrorValidationTest" time="16.779" errors="0" timestamp="2023-11-02T16:25:12 GMT">
  <testcase classname="qaacademy.tests.ErrorValidation" name="loginErrorValidation" time="0.915">
    <failure type="java.lang.AssertionError" message="expected [Incorrect email or password.] but found [Incoorrect email or password.]">
      <![CDATA[java.lang.AssertionError: expected [Incorrect email or password.] but found [Incoorrect email or password.]
at qaacademy.tests.ErrorValidation.loginErrorValidation(ErrorValidation.java:16)
at java.base/java.util.ArrayList.forEach(ArrayList.java:1511)
... Removed 33 stack frames]]>
    </failure>
  </testcase> <!-- loginErrorValidation -->
  <testcase classname="qaacademy.tests.ErrorValidation" name="productErrorDisplay" time="3.83"/>
</testsuite> <!-- ErrorValidationTest -->
