<?xml version="1.0" encoding="UTF-8"?>
<!-- Generated by org.testng.reporters.JUnitXMLReporter -->
<testsuite ignored="1" hostname="LAPTOP-88TEQJFC" failures="0" tests="2" name="SubmitOrderTest" time="26.323" errors="0" timestamp="2023-10-31T15:15:52 GMT">
  <testcase classname="qaacademy.tests.SubmitOrderTest" name="submitOrder" time="7.105"/>
  <testcase classname="qaacademy.tests.SubmitOrderTest" name="submitOrder" time="7.124"/>
  <testcase classname="qaacademy.tests.SubmitOrderTest" name="orderHistory" time="0.0">
    <ignored/>
  </testcase> <!-- orderHistory -->
</testsuite> <!-- SubmitOrderTest -->
