<?xml version="1.0" encoding="UTF-8"?>
<!-- Generated by org.testng.reporters.JUnitXMLReporter -->
<testsuite ignored="1" hostname="LAPTOP-88TEQJFC" failures="1" tests="2" name="ErrorValidationTest" time="11.609" errors="0" timestamp="2023-11-03T17:52:31 GMT">
  <testcase classname="qaacademy.tests.ErrorValidation" name="loginErrorValidation" time="0.7">
    <skipped/>
  </testcase> <!-- loginErrorValidation -->
  <testcase classname="qaacademy.tests.ErrorValidation" name="loginErrorValidation" time="1.198">
    <failure type="java.lang.AssertionError" message="expected [Incorrect email or password.] but found [Incoorrect email or password.]">
      <![CDATA[java.lang.AssertionError: expected [Incorrect email or password.] but found [Incoorrect email or password.]
at qaacademy.tests.ErrorValidation.loginErrorValidation(ErrorValidation.java:17)
at java.base/java.util.ArrayList.forEach(ArrayList.java:1511)
... Removed 37 stack frames]]>
    </failure>
  </testcase> <!-- loginErrorValidation -->
  <testcase classname="qaacademy.tests.ErrorValidation" name="productErrorDisplay" time="0.0">
    <ignored/>
  </testcase> <!-- productErrorDisplay -->
</testsuite> <!-- ErrorValidationTest -->
