<?xml version="1.0" encoding="UTF-8"?>
<!-- Generated by org.testng.reporters.JUnitXMLReporter -->
<testsuite ignored="0" hostname="LAPTOP-88TEQJFC" failures="1" tests="3" name="Error Validation Test" time="23.721" errors="0" timestamp="2023-11-03T16:38:14 GMT">
  <testcase classname="qaacademy.tests.ErrorValidation" name="loginErrorValidation" time="0.765">
    <skipped/>
  </testcase> <!-- loginErrorValidation -->
  <testcase classname="qaacademy.tests.ErrorValidation" name="loginErrorValidation" time="0.658">
    <failure type="java.lang.AssertionError" message="expected [Incorrect email or password.] but found [Incoorrect email or password.]">
      <![CDATA[java.lang.AssertionError: expected [Incorrect email or password.] but found [Incoorrect email or password.]
at qaacademy.tests.ErrorValidation.loginErrorValidation(ErrorValidation.java:17)
at java.base/java.util.ArrayList.forEach(ArrayList.java:1511)
at java.base/java.util.concurrent.FutureTask.run(FutureTask.java:264)
at java.base/java.util.concurrent.ThreadPoolExecutor.runWorker(ThreadPoolExecutor.java:1136)
at java.base/java.util.concurrent.ThreadPoolExecutor$Worker.run(ThreadPoolExecutor.java:635)
at java.base/java.lang.Thread.run(Thread.java:833)
... Removed 23 stack frames]]>
    </failure>
  </testcase> <!-- loginErrorValidation -->
  <testcase classname="qaacademy.tests.ErrorValidation" name="productErrorDisplay" time="4.164"/>
</testsuite> <!-- Error Validation Test -->
