<?xml version="1.0" encoding="UTF-8"?>
<!-- Generated by org.testng.reporters.JUnitXMLReporter -->
<testsuite ignored="0" hostname="LAPTOP-88TEQJFC" failures="0" tests="3" name="Submit Order Test" time="32.275" errors="0" timestamp="2023-11-03T16:38:22 GMT">
  <testcase classname="qaacademy.tests.SubmitOrderTest" name="submitOrder" time="6.66"/>
  <testcase classname="qaacademy.tests.SubmitOrderTest" name="submitOrder" time="7.746"/>
  <testcase classname="qaacademy.tests.SubmitOrderTest" name="orderHistory" time="0.881"/>
</testsuite> <!-- Submit Order Test -->
