<?xml version="1.0" encoding="UTF-8"?>
<!-- Generated by org.testng.reporters.JUnitXMLReporter -->
<testsuite ignored="1" hostname="LAPTOP-88TEQJFC" failures="0" tests="2" name="SubmitOrderTest" time="24.348" errors="0" timestamp="2023-11-03T18:08:16 GMT">
  <testcase classname="qaacademy.tests.SubmitOrderTest" name="submitOrder" time="6.443"/>
  <testcase classname="qaacademy.tests.SubmitOrderTest" name="submitOrder" time="6.375"/>
  <testcase classname="qaacademy.tests.SubmitOrderTest" name="orderHistory" time="0.0">
    <ignored/>
  </testcase> <!-- orderHistory -->
</testsuite> <!-- SubmitOrderTest -->
